<?xml version="1.0" encoding="UTF-8"?>
<testng-results ignored="0" total="1" passed="1" failed="0" skipped="0">
  <reporter-output>
  </reporter-output>
  <suite started-at="2023-06-22T20:26:08 IST" name="Suite" finished-at="2023-06-22T20:26:14 IST" duration-ms="5948">
    <groups>
    </groups>
    <test started-at="2023-06-22T20:26:08 IST" name="Test" finished-at="2023-06-22T20:26:14 IST" duration-ms="5948">
      <class name="com.raghib.testngwithxml.UserTest">
        <test-method is-config="true" signature="beforeTest()[pri:0, instance:com.raghib.testngwithxml.UserTest@f4168b8]" started-at="2023-06-22T20:26:08 IST" name="beforeTest" finished-at="2023-06-22T20:26:13 IST" duration-ms="4923" status="PASS">
          <reporter-output>
          </reporter-output>
        </test-method> <!-- beforeTest -->
        <test-method signature="f()[pri:0, instance:com.raghib.testngwithxml.UserTest@f4168b8]" started-at="2023-06-22T20:26:13 IST" name="f" finished-at="2023-06-22T20:26:14 IST" duration-ms="709" status="PASS">
          <reporter-output>
          </reporter-output>
        </test-method> <!-- f -->
        <test-method is-config="true" signature="afterTest()[pri:0, instance:com.raghib.testngwithxml.UserTest@f4168b8]" started-at="2023-06-22T20:26:14 IST" name="afterTest" finished-at="2023-06-22T20:26:14 IST" duration-ms="277" status="PASS">
          <reporter-output>
          </reporter-output>
        </test-method> <!-- afterTest -->
      </class> <!-- com.raghib.testngwithxml.UserTest -->
    </test> <!-- Test -->
  </suite> <!-- Suite -->
</testng-results>
