<?xml version="1.0" encoding="UTF-8"?>
<testng-results ignored="0" total="1" passed="1" failed="0" skipped="0">
  <reporter-output>
  </reporter-output>
  <suite started-at="2023-07-13T19:54:00 IST" name="Suite" finished-at="2023-07-13T19:54:07 IST" duration-ms="6695">
    <groups>
    </groups>
    <test started-at="2023-07-13T19:54:00 IST" name="Test" finished-at="2023-07-13T19:54:07 IST" duration-ms="6695">
      <class name="com.raghib.testngwithxml.UserTest">
        <test-method is-config="true" signature="beforeTest()[pri:0, instance:com.raghib.testngwithxml.UserTest@3c22fc4c]" started-at="2023-07-13T19:54:00 IST" name="beforeTest" finished-at="2023-07-13T19:54:06 IST" duration-ms="5607" status="PASS">
          <reporter-output>
          </reporter-output>
        </test-method> <!-- beforeTest -->
        <test-method signature="f()[pri:0, instance:com.raghib.testngwithxml.UserTest@3c22fc4c]" started-at="2023-07-13T19:54:06 IST" name="f" finished-at="2023-07-13T19:54:06 IST" duration-ms="780" status="PASS">
          <reporter-output>
          </reporter-output>
        </test-method> <!-- f -->
        <test-method is-config="true" signature="afterTest()[pri:0, instance:com.raghib.testngwithxml.UserTest@3c22fc4c]" started-at="2023-07-13T19:54:06 IST" name="afterTest" finished-at="2023-07-13T19:54:07 IST" duration-ms="252" status="PASS">
          <reporter-output>
          </reporter-output>
        </test-method> <!-- afterTest -->
      </class> <!-- com.raghib.testngwithxml.UserTest -->
    </test> <!-- Test -->
  </suite> <!-- Suite -->
</testng-results>
