<?xml version="1.0" encoding="UTF-8"?>
<testng-results ignored="0" total="1" passed="1" failed="0" skipped="0">
  <reporter-output>
  </reporter-output>
  <suite started-at="2023-05-30T13:03:45 IST" name="Default suite" finished-at="2023-05-30T13:04:03 IST" duration-ms="17937">
    <groups>
    </groups>
    <test started-at="2023-05-30T13:03:45 IST" name="Default test" finished-at="2023-05-30T13:04:03 IST" duration-ms="17937">
      <class name="com.raghib.testngwithxml.UserTest">
        <test-method is-config="true" signature="beforeTest()[pri:0, instance:com.raghib.testngwithxml.UserTest@12b0404f]" started-at="2023-05-30T13:03:45 IST" name="beforeTest" finished-at="2023-05-30T13:04:02 IST" duration-ms="17388" status="PASS">
          <reporter-output>
          </reporter-output>
        </test-method> <!-- beforeTest -->
        <test-method signature="f()[pri:0, instance:com.raghib.testngwithxml.UserTest@12b0404f]" started-at="2023-05-30T13:04:02 IST" name="f" finished-at="2023-05-30T13:04:02 IST" duration-ms="21" status="PASS">
          <reporter-output>
          </reporter-output>
        </test-method> <!-- f -->
        <test-method is-config="true" signature="afterTest()[pri:0, instance:com.raghib.testngwithxml.UserTest@12b0404f]" started-at="2023-05-30T13:04:02 IST" name="afterTest" finished-at="2023-05-30T13:04:03 IST" duration-ms="483" status="PASS">
          <reporter-output>
          </reporter-output>
        </test-method> <!-- afterTest -->
      </class> <!-- com.raghib.testngwithxml.UserTest -->
    </test> <!-- Default test -->
  </suite> <!-- Default suite -->
</testng-results>
